<?xml version="1.0" encoding="UTF-8"?>
<testng-results skipped="0" failed="0" ignored="0" total="2" passed="2">
  <reporter-output>
  </reporter-output>
  <suite name="Default suite" duration-ms="8522" started-at="2020-07-15T22:19:13 IST" finished-at="2020-07-15T22:19:22 IST">
    <groups>
    </groups>
    <test name="Default test" duration-ms="8522" started-at="2020-07-15T22:19:13 IST" finished-at="2020-07-15T22:19:22 IST">
      <class name="org.qa.tests.GetAPITest">
        <test-method status="PASS" signature="setUp()[pri:0, instance:org.qa.tests.GetAPITest@3701eaf6]" name="setUp" is-config="true" duration-ms="7" started-at="2020-07-15T22:19:13 IST" finished-at="2020-07-15T22:19:13 IST">
          <reporter-output>
          </reporter-output>
        </test-method> <!-- setUp -->
        <test-method status="PASS" signature="getAPITestWithoutHeaders()[pri:1, instance:org.qa.tests.GetAPITest@3701eaf6]" name="getAPITestWithoutHeaders" duration-ms="6639" started-at="2020-07-15T22:19:13 IST" finished-at="2020-07-15T22:19:20 IST">
          <reporter-output>
          </reporter-output>
        </test-method> <!-- getAPITestWithoutHeaders -->
        <test-method status="PASS" signature="setUp()[pri:0, instance:org.qa.tests.GetAPITest@3701eaf6]" name="setUp" is-config="true" duration-ms="1" started-at="2020-07-15T22:19:20 IST" finished-at="2020-07-15T22:19:20 IST">
          <reporter-output>
          </reporter-output>
        </test-method> <!-- setUp -->
        <test-method status="PASS" signature="getAPITestWithHeaders()[pri:2, instance:org.qa.tests.GetAPITest@3701eaf6]" name="getAPITestWithHeaders" duration-ms="1799" started-at="2020-07-15T22:19:20 IST" finished-at="2020-07-15T22:19:22 IST">
          <reporter-output>
          </reporter-output>
        </test-method> <!-- getAPITestWithHeaders -->
      </class> <!-- org.qa.tests.GetAPITest -->
    </test> <!-- Default test -->
  </suite> <!-- Default suite -->
</testng-results>
