<?xml version="1.0" encoding="UTF-8"?>
<testng-results skipped="0" failed="0" ignored="0" total="1" passed="1">
  <reporter-output>
  </reporter-output>
  <suite name="Default suite" duration-ms="4410" started-at="2020-07-14T22:59:56 IST" finished-at="2020-07-14T23:00:00 IST">
    <groups>
    </groups>
    <test name="Default test" duration-ms="4410" started-at="2020-07-14T22:59:56 IST" finished-at="2020-07-14T23:00:00 IST">
      <class name="org.qa.tests.GetAPITest">
        <test-method status="PASS" signature="setUp()[pri:0, instance:org.qa.tests.GetAPITest@3701eaf6]" name="setUp" is-config="true" duration-ms="7" started-at="2020-07-14T22:59:56 IST" finished-at="2020-07-14T22:59:56 IST">
          <reporter-output>
          </reporter-output>
        </test-method> <!-- setUp -->
        <test-method status="PASS" signature="getAPITest()[pri:0, instance:org.qa.tests.GetAPITest@3701eaf6]" name="getAPITest" duration-ms="4282" started-at="2020-07-14T22:59:56 IST" finished-at="2020-07-14T23:00:00 IST">
          <reporter-output>
          </reporter-output>
        </test-method> <!-- getAPITest -->
      </class> <!-- org.qa.tests.GetAPITest -->
    </test> <!-- Default test -->
  </suite> <!-- Default suite -->
</testng-results>
